DB Class Key	Common Organism Name	NCBI Taxon ID	Symbol	EntrezGene ID	Mouse MGI ID	HGNC ID	OMIM Gene ID	Genetic Location	Genome Coordinates (mouse: GRCm39 human: GRCh38)	Nucleotide RefSeq IDs	Protein RefSeq IDs	SWISS_PROT IDs
45916481	mouse, laboratory	10090	Gdnf	14573	MGI:107430			Chr15 3.8 cM	Chr15:7840327-7867056(+)	NM_010275,NM_001301332,NM_001301357,NM_001301333	NP_001288261,NP_034405,NP_001288262,NP_001288286	P48540
45916481	human	9606	GDNF	2668		HGNC:4232	OMIM:600837	Chr5 p13.2	Chr5:37812677-37840041(-)	NM_199234,NM_000514,NM_001190468,NM_001190469,NM_001278098,NM_199231	NP_000505,NP_001177397,NP_001177398,NP_001265027,NP_954701,XP_016864826,XP_054208339	P39905
45916482	mouse, laboratory	10090	Hoxa4	15401	MGI:96176			Chr6 25.4 cM	Chr6:52166662-52168683(-)	NM_008265	NP_032291	P06798
45916482	human	9606	HOXA4	3201		HGNC:5105	OMIM:142953	Chr7 p15.2	Chr7:27128507-27130780(-)	NM_002141	NP_002132	Q00056
45916483	mouse, laboratory	10090	Cry1	12952	MGI:1270841			Chr10 41.63 cM	Chr10:84967564-85020918(-)	XM_030244860,XM_011243348,NM_007771,XM_011243349	XP_030100720,XP_011241651,XP_011241650,NP_031797	P97784
45916483	human	9606	CRY1	1407		HGNC:2384	OMIM:601933	Chr12 q23.3	Chr12:106991364-107093549(-)	NM_001413470,NM_001413469,NM_001413465,NM_001413458,NM_001413468,NM_001413467,NM_004075,NM_001413464,NM_001413463,NM_001413462,NM_001413461,NM_001413460,NM_001413466,NM_001413459	NP_001400387,NP_001400388,NP_001400389,NP_001400390,NP_001400391,NP_001400392,NP_001400393,NP_001400394,NP_001400395,NP_001400396,NP_001400397,NP_001400398,NP_001400399,NP_004066,XP_047284275,XP_054227116	Q16526
45916484	mouse, laboratory	10090	Alcam	11658	MGI:1313266			Chr16 32.88 cM	Chr16:52069359-52273444(-)	NM_001331110,NM_009655	NP_001318039,NP_033785	Q61490
45916484	human	9606	ALCAM	214		HGNC:400	OMIM:601662	Chr3 q13.11	Chr3:105366909-105576900(+)	NM_001243280,NM_001243283,NM_001627,NM_001243281	NP_001230209,NP_001230210,NP_001230212,NP_001618	Q13740
45916485	mouse, laboratory	10090	Daxx	13163	MGI:1197015			Chr17 17.98 cM	Chr17:34128388-34134564(+)	NM_001355704,XM_006523581,NM_001199733,NM_007829,XM_006523582	XP_006523645,XP_006523644,NP_001342633,NP_001186662,NP_031855	O35613
45916485	human	9606	DAXX	1616		HGNC:2681	OMIM:603186	Chr6 p21.32	Chr6:33318558-33323016(-)	NM_001141970,NM_001350,NM_001254717,NM_001141969	NP_001135441,NP_001135442,NP_001241646,NP_001341,XP_005248917	Q9UER7
45916486	mouse, laboratory	10090	Arx	11878	MGI:1097716			ChrX 41.05 cM	ChrX:92330113-92341963(+)	NM_001305940,NM_007492	NP_001292869,NP_031518	O35085
45916486	human	9606	ARX	170302		HGNC:18060	OMIM:300382	ChrX p21.3	ChrX:25003694-25016420(-)	NM_139058	NP_620689	Q96QS3
45916487	mouse, laboratory	10090	Cpeb1	12877	MGI:108442			Chr7 45.71 cM	Chr7:80996774-81105207(-)	NM_001412273,NM_001412286,XM_011250792,XM_011250790,NM_001412278,NM_001412280,NM_001412287,NM_001412276,XM_036152627,NM_007755,NM_001412281,NM_001252525,XM_030242061,NM_001252526,XM_011250788,NM_001412279,XM_011250784,XM_011250785,NM_001412277,NM_001357107,NM_001412275,NM_001412283,NM_001412274,NM_001412284,NM_001412285,NM_001412282	XP_011249094,XP_011249092,XP_011249090,XP_030097921,XP_036008520,XP_011249086,XP_011249087,NP_001399202,NP_001399216,NP_001399204,NP_001399203,NP_001399214,NP_001399206,NP_001399215,NP_001239454,NP_001399205,NP_001399212,NP_001399208,NP_001399213,NP_001399207,NP_001399210,NP_001399211,NP_001344036,NP_001399209,NP_031781,NP_001239455	P70166
45916487	human	9606	CPEB1	64506		HGNC:21744	OMIM:607342	Chr15 q25.2	Chr15:82543201-82648861(-)	NM_001288820,NM_001387078,NM_001387072,NM_030594,NM_001365240,NM_001365241,NM_001365242,NM_001387065,NM_001079535,NM_001079534,NM_001387077,NM_001079533,NM_001387064,NM_001387063,NM_001387062,NM_001365245,NM_001387061,NM_001365250,NM_001365249,NM_001365243,NM_001365248,NM_001365247,NM_001387066,NM_001365244,NM_001387076,NM_001387075,NM_001387074,NM_001387067,NM_001365246,NM_001387068,NM_001387069,NM_001387070,NM_001387071,NM_001387073,NM_001288819	NP_001073001,NP_001073002,NP_001073003,NP_001275748,NP_001275749,NP_001352169,NP_001352170,NP_001352171,NP_001352172,NP_001352173,NP_001352174,NP_001352175,NP_001352176,NP_001352177,NP_001352178,NP_001352179,NP_001373990,NP_001373991,NP_001373992,NP_001373993,NP_001373994,NP_001373995,NP_001373996,NP_001373997,NP_001373998,NP_001373999,NP_001374000,NP_001374001,NP_001374002,NP_001374003,NP_001374004,NP_001374005,NP_001374006,NP_001374007,NP_085097	Q9BZB8
45916488	mouse, laboratory	10090	Or4a72	258784	MGI:3031079			Chr2 50.09 cM	Chr2:89405056-89406117(-)	NM_146788	NP_666999	
45916488	human	9606	OR4A16	81327		HGNC:15153		Chr11 q11	Chr11:55343201-55344187(+)	NM_001005274,NM_001005274,NM_001005274,NM_001005274,NM_001005274,NM_001005274,NM_001005274,NM_001005274,NM_001005274,NM_001005274,NM_001005274,NM_001005274,NM_001005274,NM_001005274,NM_001005274	NP_001005274,NP_001005274,NP_001005274,NP_001005274,NP_001005274,NP_001005274,NP_001005274,NP_001005274,NP_001005274,NP_001005274,NP_001005274,NP_001005274,NP_001005274,NP_001005274,NP_001005274	Q8NH70,Q8NH70,Q8NH70,Q8NH70,Q8NH70,Q8NH70,Q8NH70,Q8NH70,Q8NH70,Q8NH70,Q8NH70,Q8NH70,Q8NH70,Q8NH70,Q8NH70
45916489	mouse, laboratory	10090	Or5k1b	259003	MGI:3030006			Chr16 34.83 cM	Chr16:58580515-58581603(-)	NM_147001	NP_667212	
45916489	human	9606	OR5K1	26339		HGNC:8349		Chr3 q11.2	Chr3:98463201-98472924(+)	NM_001004736,NM_001004736	NP_001004736,NP_001004736	Q8NHB7,Q8NHB7
45916489	human	9606	OR5K2	402135		HGNC:14774		Chr3 q11.2	Chr3:98497681-98498631(+)	NM_001004737,NM_001004737,NM_001004737	NP_001004737,NP_001004737,NP_001004737	Q8NHB8,Q8NHB8,Q8NHB8
45916490	mouse, laboratory	10090	Or5k17	259001	MGI:3030015			Chr16 34.83 cM	Chr16:58745920-58749007(-)	NM_146999	NP_667210	Q8VGQ7
45916490	human	9606	OR5K4	403278		HGNC:31291		Chr3 q11.2	Chr3:98353854-98354819(+)	NM_001005517,NM_001005517,NM_001005517	NP_001005517,NP_001005517,NP_001005517	A6NMS3,A6NMS3,A6NMS3
45916491	mouse, laboratory	10090	Or10j3b	258881	MGI:3031238			Chr1 80.33 cM	Chr1:173043174-173044207(+)	NM_146881	NP_667092	
45916491	human	9606	OR10J3	441911		HGNC:14992		Chr1 q23.2	Chr1:159313570-159314759(-)	NM_001004467,NM_001004467		Q5JRS4,Q5JRS4
45916492	mouse, laboratory	10090	Or5k1	259002	MGI:3030007			Chr16 34.83 cM	Chr16:58617142-58618305(-)	NM_147000	NP_667211	
45916492	human	9606	OR5K1	26339		HGNC:8349		Chr3 q11.2	Chr3:98463201-98472924(+)	NM_001004736,NM_001004736	NP_001004736,NP_001004736	Q8NHB7,Q8NHB7
45916492	human	9606	OR5K2	402135		HGNC:14774		Chr3 q11.2	Chr3:98497681-98498631(+)	NM_001004737,NM_001004737,NM_001004737	NP_001004737,NP_001004737,NP_001004737	Q8NHB8,Q8NHB8,Q8NHB8
45916493	mouse, laboratory	10090	Or4a68	258804	MGI:3031074			Chr2 50.04 cM	Chr2:89269614-89270687(-)	NM_146808	NP_667019	
45916493	human	9606	OR4A16	81327		HGNC:15153		Chr11 q11	Chr11:55343201-55344187(+)	NM_001005274,NM_001005274,NM_001005274,NM_001005274,NM_001005274,NM_001005274,NM_001005274,NM_001005274,NM_001005274,NM_001005274,NM_001005274,NM_001005274,NM_001005274,NM_001005274,NM_001005274	NP_001005274,NP_001005274,NP_001005274,NP_001005274,NP_001005274,NP_001005274,NP_001005274,NP_001005274,NP_001005274,NP_001005274,NP_001005274,NP_001005274,NP_001005274,NP_001005274,NP_001005274	Q8NH70,Q8NH70,Q8NH70,Q8NH70,Q8NH70,Q8NH70,Q8NH70,Q8NH70,Q8NH70,Q8NH70,Q8NH70,Q8NH70,Q8NH70,Q8NH70,Q8NH70
45916494	mouse, laboratory	10090	Or12d17	258832	MGI:2177492			Chr17 19.16 cM	Chr17:37777099-37778043(+)	NM_146835	NP_667046	
45916494	human	9606	OR12D3	81797		HGNC:13963		Chr6 p22.1	Chr6:29373423-29375291(-)	NM_030959	NP_112221	Q9UGF7
45916495	mouse, laboratory	10090	Or12d14-ps1	257948	MGI:2177487			Chr17 19.16 cM	Chr17:37673011-37673990(+)			
45916495	human	9606	OR12D1	26530		HGNC:8177		Chr6 p22.1	Chr6:29414928-29418905(+)	NM_001348208,NM_001348208,NM_001348208,NM_001348208,NM_001348208,NM_001348208	NP_001335137,NP_001335137,NP_001335137,NP_001335137,NP_001335137,NP_001335137	P0DN82,P0DN82,P0DN82,P0DN82,P0DN82,P0DN82
45916495	human	9606	OR12D2	26529		HGNC:8178		Chr6 p22.1	Chr6:29395631-29398008(+)	NM_013936,NM_013936,NM_013936,NM_013936,NM_013936,NM_013936	NP_039224,NP_039224,NP_039224,NP_039224,NP_039224,NP_039224	P58182,P58182,P58182,P58182,P58182,P58182
45916496	mouse, laboratory	10090	Or4e5	57269	MGI:3031341			Chr14 26.97 cM	Chr14:52727392-52733152(-)	NM_001170918,NM_020512	NP_065258,NP_001164389	
45916496	human	9606	OR4E1	26687		HGNC:8296		Chr14	Chr14:21667886-21673818(-)	NM_001317107,NM_001317107	NP_001304036,NP_001304036	P0C645,P0C645
45916497	mouse, laboratory	10090	Or12d15	257893	MGI:2177488			Chr17 19.16 cM	Chr17:37693421-37694377(+)			
45916497	human	9606	OR12D1	26530		HGNC:8177		Chr6 p22.1	Chr6:29414928-29418905(+)	NM_001348208,NM_001348208,NM_001348208,NM_001348208,NM_001348208,NM_001348208	NP_001335137,NP_001335137,NP_001335137,NP_001335137,NP_001335137,NP_001335137	P0DN82,P0DN82,P0DN82,P0DN82,P0DN82,P0DN82
45916497	human	9606	OR12D2	26529		HGNC:8178		Chr6 p22.1	Chr6:29395631-29398008(+)	NM_013936,NM_013936,NM_013936,NM_013936,NM_013936,NM_013936	NP_039224,NP_039224,NP_039224,NP_039224,NP_039224,NP_039224	P58182,P58182,P58182,P58182,P58182,P58182
45916498	mouse, laboratory	10090	Or4e2	57271	MGI:3031343			Chr14 26.95 cM	Chr14:52687850-52688859(+)	NM_020514	NP_065260	Q7TQQ0
45916498	human	9606	OR4E2	26686		HGNC:8297		Chr14	Chr14:21653835-21667642(+)	NM_001001912	NP_001001912	Q8NGC2
45916499	mouse, laboratory	10090	Or12d16-ps1	257925	MGI:2177489			Chr17 19.16 cM	Chr17:37705481-37706415(+)			
45916499	human	9606	OR12D1	26530		HGNC:8177		Chr6 p22.1	Chr6:29414928-29418905(+)	NM_001348208,NM_001348208,NM_001348208,NM_001348208,NM_001348208,NM_001348208	NP_001335137,NP_001335137,NP_001335137,NP_001335137,NP_001335137,NP_001335137	P0DN82,P0DN82,P0DN82,P0DN82,P0DN82,P0DN82
45916499	human	9606	OR12D2	26529		HGNC:8178		Chr6 p22.1	Chr6:29395631-29398008(+)	NM_013936,NM_013936,NM_013936,NM_013936,NM_013936,NM_013936	NP_039224,NP_039224,NP_039224,NP_039224,NP_039224,NP_039224	P58182,P58182,P58182,P58182,P58182,P58182
45916500	mouse, laboratory	10090	Or4e1	57270	MGI:3031342			Chr14 26.95 cM	Chr14:52700178-52704918(-)	NM_020513	NP_065259	
45916500	human	9606	OR4E1	26687		HGNC:8296		Chr14	Chr14:21667886-21673818(-)	NM_001317107,NM_001317107	NP_001304036,NP_001304036	P0C645,P0C645
45916501	mouse, laboratory	10090	Or10k2	258267	MGI:3030204			Chr8 40.22 cM	Chr8:84267722-84268817(+)	NM_146270	NP_666382	
45916501	human	9606	OR10K2	391107		HGNC:14826		Chr1 q23.1	Chr1:158418210-158426237(-)	NM_001004476	NP_001004476	Q6IF99
45916502	mouse, laboratory	10090	Neurog1	18014	MGI:107754			Chr13 30.06 cM	Chr13:56398291-56399976(-)	NM_010896	NP_035026	P70660
45916502	human	9606	NEUROG1	4762		HGNC:7764	OMIM:601726	Chr5 q31.1	Chr5:135534282-135535964(-)	NM_006161	NP_006152	Q92886
45916503	mouse, laboratory	10090	Msx2	17702	MGI:97169			Chr13 27.84 cM	Chr13:53620917-53626816(-)	NM_013601	NP_038629	Q03358
45916503	human	9606	MSX2	4488		HGNC:7392	OMIM:123101	Chr5 q35.2	Chr5:174724582-174730896(+)	NM_002449,NM_001363626	NP_001350555,NP_002440,XP_054208630	P35548
45916504	mouse, laboratory	10090	Pax6	18508	MGI:97490			Chr2 55.31 cM	Chr2:105499245-105527709(+)	NM_001244201,NM_001310146,NM_001310144,NM_013627,NM_001310145,NM_001244198,NM_001244202,NM_001244200	NP_001297074,NP_001231131,NP_001297073,NP_001231130,NP_038655,NP_001297075,NP_001231129,NP_001231127	P63015
45916504	human	9606	PAX6	5080		HGNC:8620	OMIM:607108	Chr11 p13	Chr11:31784779-31817961(-)	NM_001368900,NM_001368908,NM_001368907,NM_001368906,NM_001368905,NM_001368909,NM_001368904,NM_001368903,NM_001368911,NM_001368910,NM_001368924,NM_001368926,NM_001368927,NM_001368902,NM_001368928,NM_001368929,NM_001368930,NM_001368912,NM_001604,NM_001368894,NM_001368899,NM_001368901,NM_001127612,NM_001258462,NM_001258463,NM_001368923,NM_001258464,NM_001258465,NM_001310158,NM_001310159,NM_001310160,NM_001310161,NM_001368925,NM_001368913,NM_001368914,NM_001368915,NM_001368916,NM_001368917,NM_001368887,NM_001368888,NM_001368889,NM_001368918,NM_000280,NM_001368919,NM_001368922,NM_001368921,NM_001368920,NM_001368890,NM_001368891,NM_001368892,NM_001368893	NP_000271,NP_001121084,NP_001245391,NP_001245392,NP_001245393,NP_001245394,NP_001297087,NP_001297088,NP_001297089,NP_001297090,NP_001355816,NP_001355817,NP_001355818,NP_001355819,NP_001355820,NP_001355821,NP_001355822,NP_001355823,NP_001355828,NP_001355829,NP_001355830,NP_001355831,NP_001355832,NP_001355833,NP_001355834,NP_001355835,NP_001355836,NP_001355837,NP_001355838,NP_001355839,NP_001355840,NP_001355841,NP_001355842,NP_001355843,NP_001355844,NP_001355845,NP_001355846,NP_001355847,NP_001355848,NP_001355849,NP_001355850,NP_001355851,NP_001355852,NP_001355853,NP_001355854,NP_001355855,NP_001355856,NP_001355857,NP_001355858,NP_001355859,NP_001595	P26367
45916505	mouse, laboratory	10090	Ddx3y	26900	MGI:1349406			ChrY syntenic	ChrY:1260771-1286629(-)	XM_006531607,XM_011248592,XM_006531603,XM_030251568,NM_012008	XP_006531666,XP_006531670,XP_011246894,XP_030107428,NP_036138	Q62095
45916505	human	9606	DDX3Y	8653		HGNC:2699	OMIM:400010	ChrY q11.221	ChrY:12903999-12920478(+)	NM_004660,NM_001324195,NM_001302552,NM_001122665	NP_001116137,NP_001289481,NP_001311124,NP_004651,XP_047298731,XP_047298732,XP_047298733,XP_047298734,XP_054184360,XP_054184361,XP_054184362,XP_054184363	O15523
45916506	mouse, laboratory	10090	D1Pas1	110957	MGI:91842			Chr1 90.09 cM	Chr1:186699613-186702824(+)	NM_033077	NP_149068	P16381
45916506	human	9606	DDX3X	1654		HGNC:2745	OMIM:300160	ChrX p11.4	ChrX:41333308-41364472(+)	NM_001356,NM_001193416,NM_001363819,NM_024005,NM_001193417,NM_001356,NM_001193416,NM_001363819,NM_024005,NM_001193417	NP_001180345,NP_001180346,NP_001347,NP_001350748,XP_011542194,XP_054182567,NP_001180345,NP_001180346,NP_001347,NP_001350748,XP_011542194,XP_054182567	O00571,O00571
45916507	mouse, laboratory	10090	Ddx3x	13205	MGI:103064			ChrX 8.17 cM	ChrX:13147261-13160222(+)	NM_010028	NP_034158	Q62167
45916507	human	9606	DDX3X	1654		HGNC:2745	OMIM:300160	ChrX p11.4	ChrX:41333308-41364472(+)	NM_001356,NM_001193416,NM_001363819,NM_024005,NM_001193417,NM_001356,NM_001193416,NM_001363819,NM_024005,NM_001193417	NP_001180345,NP_001180346,NP_001347,NP_001350748,XP_011542194,XP_054182567,NP_001180345,NP_001180346,NP_001347,NP_001350748,XP_011542194,XP_054182567	O00571,O00571
45916508	mouse, laboratory	10090	Adar	56417	MGI:1889575			Chr3 39.19 cM	Chr3:89622329-89660753(+)	NM_001410660,XM_006501753,NM_001410664,NM_001410662,NM_001410663,NM_001410658,NM_001410659,NM_001146296,NM_019655,NM_001410661,NM_001357958,NM_001038587	XP_006501816,NP_001397587,NP_001139768,NP_001033676,NP_001344887,NP_001397590,NP_062629,NP_001397593,NP_001397591,NP_001397592,NP_001397589,NP_001397588	Q99MU3
45916508	human	9606	ADAR	103		HGNC:225	OMIM:146920	Chr1 q21.3	Chr1:154581695-154628013(-)	NM_001025107,NM_001111,NM_001193495,NM_001365045,NM_001365046,NM_001365047,NM_001365048,NM_001365049,NM_015840,NM_015841	NP_001020278,NP_001102,NP_001180424,NP_001351974,NP_001351975,NP_001351976,NP_001351977,NP_001351978,NP_056655,NP_056656,XP_011507363,XP_011507364,XP_047284296,XP_047284342,XP_047284361,XP_047284397,XP_054189776,XP_054189777,XP_054189778,XP_054189779,XP_054189780,XP_054189781	P55265
45916509	mouse, laboratory	10090	Or4b1	258987	MGI:3031104			Chr2 50.14 cM	Chr2:89979363-89980380(-)	NM_146985	NP_667196	
45916509	human	9606	OR4B1	119765		HGNC:8290		Chr11 p11.2	Chr11:48216810-48217739(+)	NM_001005470,NM_001005470,NM_001005470,NM_001005470,NM_001005470	NP_001005470,NP_001005470,NP_001005470,NP_001005470,NP_001005470	Q8NGF8,Q8NGF8,Q8NGF8,Q8NGF8,Q8NGF8
45916510	mouse, laboratory	10090	Or2a12	258292	MGI:3030280			Chr6 20.97 cM	Chr6:42904167-42905093(+)	NM_146295	NP_666407	
45916510	human	9606	OR2A12	346525		HGNC:15082		Chr7 q35	Chr7:144086278-144098953(+)	NM_001004135	NP_001004135	Q8NGT7
45916511	mouse, laboratory	10090	Pklr	18770	MGI:97604			Chr3 39.01 cM	Chr3:89043449-89054091(+)	XM_006501134,NM_013631,NM_001099779,XM_006501135	XP_006501198,XP_006501197,NP_038659,NP_001093249	P53657
45916511	human	9606	PKLR	5313		HGNC:9020	OMIM:609712	Chr1 q22	Chr1:155289293-155308654(-)	NM_181871,NM_000298	NP_000289,NP_870986,XP_006711449,XP_011507942,XP_016856982,XP_047278547,XP_047278548,XP_054185450,XP_054185451,XP_054185452,XP_054193047,XP_054193048,XP_054193049,XP_054193050,XP_054193051	P30613
45916512	mouse, laboratory	10090	Gng3	14704	MGI:102704			Chr19 5.76 cM	Chr19:8814297-8816558(-)	NM_010316	NP_034446	P63216
45916512	human	9606	GNG3	2785		HGNC:4405	OMIM:608941	Chr11 q12.3	Chr11:62706446-62709201(+)	NM_012202	NP_036334,XP_006718563,XP_047282750,XP_054224438,XP_054224439	P63215
45916513	mouse, laboratory	10090	Bcl2l1	12048	MGI:88139			Chr2 75.41 cM	Chr2:152622588-152673648(-)	NM_001289717,NM_001355053,NM_001416897,NM_009743,NM_001416896,NM_001289739,NM_001289716,NM_001416898,NM_001416899	NP_001276668,NP_001403826,NP_001403825,NP_001403828,NP_001276645,NP_001403827,NP_001276646,NP_001341982,NP_033873	Q64373
45916513	human	9606	BCL2L1	598		HGNC:992	OMIM:600039	Chr20 q11.21	Chr20:31664452-31723989(-)	NM_001317919,NM_001317921,NM_001322239,NM_001322240,NM_001322242,NM_001191,NM_001424332,NM_138578,NM_001424331,NM_001317920	NP_001182,NP_001304848,NP_001304849,NP_001304850,NP_001309168,NP_001309169,NP_001309171,NP_001411260,NP_001411261,NP_612815	Q07817
45916514	mouse, laboratory	10090	Atp1a1	11928	MGI:88105			Chr3 44.3 cM	Chr3:101483535-101512000(-)	NM_144900	NP_659149	Q8VDN2
45916514	human	9606	ATP1A1	476		HGNC:799	OMIM:182310	Chr1 p13.1	Chr1:116372668-116410261(+)	NM_001001586,NM_000701,NM_001160233,NM_001160234	NP_000692,NP_001153705,NP_001153706	P05023
45916515	mouse, laboratory	10090	Cldn11	18417	MGI:106925			Chr3 15.14 cM	Chr3:31204069-31218473(+)	NM_008770	NP_032796	Q60771
45916515	human	9606	CLDN11	5010		HGNC:8514	OMIM:601326	Chr3 q26.2	Chr3:170418868-170454733(+)	NM_001185056,NM_005602	NP_001171985,NP_005593	O75508
45916516	mouse, laboratory	10090	Gch1	14528	MGI:95675			Chr14 24.6 cM	Chr14:47391352-47426870(-)	NM_008102	NP_032128	Q05915
45916516	human	9606	GCH1	2643		HGNC:4193	OMIM:600225	Chr14 q22.2	Chr14:54842008-54902826(-)	NM_000161,NM_001424104,NM_001024070,NM_001424105,NM_001024071,NM_001024024	NP_000152,NP_001019195,NP_001019241,NP_001019242,NP_001411033,NP_001411034,XP_047287217,XP_054231824	P30793
45916517	mouse, laboratory	10090	mt-Nd4l	17720	MGI:102497			ChrMT syntenic	ChrMT:9877-10173(+)		NP_904336	P03903
45916517	human	9606	ND4L	4539		HGNC:7460	OMIM:516004	ChrMT	ChrMT:10470-10766(+)			P03901
45916518	mouse, laboratory	10090	Cacna1c	12288	MGI:103013			Chr6 55.86 cM	Chr6:118564201-119173851(-)	XM_006505439,XM_036165771,XM_036165772,XM_036165770,XM_011241184,NM_001256002,NM_009781,NM_001290335,NM_001255999,NM_001255998,NM_001255997,NM_001159533,NM_001159534,NM_001256001,XM_011241176,XM_036165781,XM_036165782,XM_006505430,XM_036165779,XM_011241185,XM_036165778,XM_036165777,XM_006505434,XM_006505432,XM_036165775,XM_006505437,XM_006505438,XM_006505435,XM_006505418,XM_006505436,XM_006505415,XM_017321362,XM_036165774,XM_011241187,NM_001159535,XM_036165773,XM_011241186,XM_036165776,NM_001256000,XM_006505440,XM_036165769,XM_006505441,XM_006505442,XM_006505443,XM_017321358,XM_006505426,XM_006505427,XM_030255126,XM_030255125,XM_011241192,XM_011241193,XM_011241175,XM_036165780	XP_036021675,XP_036021674,XP_017176851,XP_011239486,XP_006505489,XP_036021672,XP_030110985,XP_036021673,XP_030110986,XP_011239489,XP_036021670,XP_011239488,XP_036021671,XP_011239487,XP_006505481,XP_036021667,XP_006505506,XP_036021668,XP_036021669,XP_036021663,XP_036021664,XP_036021665,XP_036021666,XP_011239494,XP_011239495,XP_006505478,XP_011239477,XP_006505498,XP_006505499,XP_011239478,XP_006505497,XP_036021662,XP_006505501,XP_006505500,XP_006505495,XP_006505503,XP_006505502,XP_006505493,XP_006505490,XP_006505505,XP_017176847,XP_006505504,NP_001242930,NP_001153006,NP_033911,NP_001242931,NP_001153005,NP_001153007,NP_001242926,NP_001242928,NP_001242927,NP_001277264,NP_001242929	Q01815
45916518	human	9606	CACNA1C	775		HGNC:1390	OMIM:114205	Chr12 p13.33	Chr12:1970772-2697950(+)	NM_001129841,NM_001129840,NM_001129839,NM_001129838,NM_001129837,NM_001129836,NM_001129835,NM_001129834,NM_001129833,NM_199460,NM_001129831,NM_001129832,NM_001129830,NM_001129829,NM_001129827,NM_000719,NM_001167623,NM_001129846,NM_001129844,NM_001129843,NM_001167624,NM_001167625,NM_001129842	NP_000710,NP_001123299,NP_001123301,NP_001123302,NP_001123303,NP_001123304,NP_001123305,NP_001123306,NP_001123307,NP_001123308,NP_001123309,NP_001123310,NP_001123311,NP_001123312,NP_001123313,NP_001123314,NP_001123315,NP_001123316,NP_001123318,NP_001161095,NP_001161096,NP_001161097,NP_955630,XP_006719080,XP_011519322,XP_011519325,XP_016875415,XP_016875416,XP_016875417,XP_016875418,XP_016875419,XP_016875420,XP_016875421,XP_016875422,XP_016875423,XP_016875424,XP_016875428,XP_016875432,XP_016875433,XP_016875434,XP_016875435,XP_016875436,XP_016875437,XP_016875438,XP_016875439,XP_016875442,XP_016875443,XP_016875444,XP_047285469,XP_047285470,XP_047285471,XP_047285472,XP_047285473,XP_047285474,XP_047285475,XP_047285476,XP_054188261,XP_054188262,XP_054188263,XP_054188264,XP_054188265,XP_054188266,XP_054188267,XP_054188268,XP_054188269,XP_054188270,XP_054188271,XP_054188272,XP_054188273,XP_054188274,XP_054188275,XP_054188276,XP_054188277,XP_054188278,XP_054188279,XP_054188280,XP_054188281,XP_054188282,XP_054188283,XP_054188284,XP_054188285,XP_054188286,XP_054188287,XP_054188288,XP_054188289,XP_054188290,XP_054188291,XP_054188292,XP_054188293,XP_054229125,XP_054229126,XP_054229127,XP_054229128,XP_054229129,XP_054229130,XP_054229131,XP_054229132,XP_054229133,XP_054229134,XP_054229135,XP_054229136,XP_054229137,XP_054229138,XP_054229139,XP_054229140,XP_054229141,XP_054229142,XP_054229143,XP_054229144,XP_054229145,XP_054229146,XP_054229147,XP_054229148,XP_054229149,XP_054229150,XP_054229151,XP_054229152,XP_054229153,XP_054229154,XP_054229155,XP_054229156,XP_054229157	Q13936
45916519	mouse, laboratory	10090	Fthl17c	434727	MGI:3705221			ChrX 4.08 cM	ChrX:8841957-8842798(-)	NM_001085525	NP_001078994	
45916519	human	9606	FTH1P19	389844		HGNC:33525		ChrX p21.1	ChrX:37491957-37492720(+)			P0C7X4,P0C7X4,P0C7X4,P0C7X4,P0C7X4,P0C7X4
45916519	human	9606	FTHL17	53940		HGNC:3987	OMIM:300308	ChrX p21.2	ChrX:31071233-31072041(-)	NM_031894,NM_031894,NM_031894,NM_031894,NM_031894,NM_031894	NP_114100,NP_114100,NP_114100,NP_114100,NP_114100,NP_114100	Q9BXU8,Q9BXU8,Q9BXU8,Q9BXU8,Q9BXU8,Q9BXU8
45916520	mouse, laboratory	10090	Fthl17f	434729	MGI:3642941			ChrX 4.12 cM	ChrX:8929329-8930061(+)	NM_001038697	NP_001033786	
45916520	human	9606	FTH1P19	389844		HGNC:33525		ChrX p21.1	ChrX:37491957-37492720(+)			P0C7X4,P0C7X4,P0C7X4,P0C7X4,P0C7X4,P0C7X4
45916520	human	9606	FTHL17	53940		HGNC:3987	OMIM:300308	ChrX p21.2	ChrX:31071233-31072041(-)	NM_031894,NM_031894,NM_031894,NM_031894,NM_031894,NM_031894	NP_114100,NP_114100,NP_114100,NP_114100,NP_114100,NP_114100	Q9BXU8,Q9BXU8,Q9BXU8,Q9BXU8,Q9BXU8,Q9BXU8
45916521	mouse, laboratory	10090	Fthl17d	100042782	MGI:3713070			ChrX 4.08 cM	ChrX:8852179-8852911(-)	NM_001099326	NP_001092796	
45916521	human	9606	FTH1P19	389844		HGNC:33525		ChrX p21.1	ChrX:37491957-37492720(+)			P0C7X4,P0C7X4,P0C7X4,P0C7X4,P0C7X4,P0C7X4
45916521	human	9606	FTHL17	53940		HGNC:3987	OMIM:300308	ChrX p21.2	ChrX:31071233-31072041(-)	NM_031894,NM_031894,NM_031894,NM_031894,NM_031894,NM_031894	NP_114100,NP_114100,NP_114100,NP_114100,NP_114100,NP_114100	Q9BXU8,Q9BXU8,Q9BXU8,Q9BXU8,Q9BXU8,Q9BXU8
45916522	mouse, laboratory	10090	Fthl17b	434726	MGI:3642940			ChrX 4.07 cM	ChrX:8828373-8829214(-)	NM_001085524	NP_001078993	
45916522	human	9606	FTH1P19	389844		HGNC:33525		ChrX p21.1	ChrX:37491957-37492720(+)			P0C7X4,P0C7X4,P0C7X4,P0C7X4,P0C7X4,P0C7X4
45916522	human	9606	FTHL17	53940		HGNC:3987	OMIM:300308	ChrX p21.2	ChrX:31071233-31072041(-)	NM_031894,NM_031894,NM_031894,NM_031894,NM_031894,NM_031894	NP_114100,NP_114100,NP_114100,NP_114100,NP_114100,NP_114100	Q9BXU8,Q9BXU8,Q9BXU8,Q9BXU8,Q9BXU8,Q9BXU8